<?xml version="1.0" encoding="UTF-8"?>
<testng-results ignored="0" total="1" passed="1" failed="0" skipped="0">
  <reporter-output>
  </reporter-output>
  <suite started-at="2023-11-25T22:00:04 IST" name="Default suite" finished-at="2023-11-25T22:00:28 IST" duration-ms="24073">
    <groups>
    </groups>
    <test started-at="2023-11-25T22:00:04 IST" name="Default test" finished-at="2023-11-25T22:00:28 IST" duration-ms="24073">
      <class name="com.testcases.indexpagetest">
        <test-method is-config="true" signature="startbrowser()[pri:0, instance:com.testcases.indexpagetest@72057ecf]" started-at="2023-11-25T22:00:04 IST" name="startbrowser" finished-at="2023-11-25T22:00:11 IST" duration-ms="7207" status="PASS">
          <reporter-output>
          </reporter-output>
        </test-method> <!-- startbrowser -->
        <test-method signature="verifytitle()[pri:0, instance:com.testcases.indexpagetest@72057ecf]" started-at="2023-11-25T22:00:11 IST" name="verifytitle" finished-at="2023-11-25T22:00:28 IST" duration-ms="16829" status="PASS">
          <reporter-output>
          </reporter-output>
        </test-method> <!-- verifytitle -->
      </class> <!-- com.testcases.indexpagetest -->
    </test> <!-- Default test -->
  </suite> <!-- Default suite -->
</testng-results>
